Analysis & Synthesis report for UniControl
Fri Jan 19 14:44:15 2018
Quartus Prime Version 15.1.0 Build 185 10/21/2015 SJ Lite Edition


---------------------
; Table of Contents ;
---------------------
  1. Legal Notice
  2. Analysis & Synthesis Summary
  3. Analysis & Synthesis Settings
  4. Parallel Compilation
  5. Analysis & Synthesis Source Files Read
  6. Analysis & Synthesis Resource Usage Summary
  7. Analysis & Synthesis Resource Utilization by Entity
  8. State Machine - |UniControl|state
  9. User-Specified and Inferred Latches
 10. Registers Removed During Synthesis
 11. General Register Statistics
 12. Post-Synthesis Netlist Statistics for Top Partition
 13. Elapsed Time Per Partition
 14. Analysis & Synthesis Messages



----------------
; Legal Notice ;
----------------
Copyright (C) 1991-2015 Altera Corporation. All rights reserved.
Your use of Altera Corporation's design tools, logic functions 
and other software and tools, and its AMPP partner logic 
functions, and any output files from any of the foregoing 
(including device programming or simulation files), and any 
associated documentation or information are expressly subject 
to the terms and conditions of the Altera Program License 
Subscription Agreement, the Altera Quartus Prime License Agreement,
the Altera MegaCore Function License Agreement, or other 
applicable license agreement, including, without limitation, 
that your use is for the sole purpose of programming logic 
devices manufactured by Altera and sold by Altera or its 
authorized distributors.  Please refer to the applicable 
agreement for further details.



+-------------------------------------------------------------------------------+
; Analysis & Synthesis Summary                                                  ;
+---------------------------------+---------------------------------------------+
; Analysis & Synthesis Status     ; Successful - Fri Jan 19 14:44:15 2018       ;
; Quartus Prime Version           ; 15.1.0 Build 185 10/21/2015 SJ Lite Edition ;
; Revision Name                   ; UniControl                                  ;
; Top-level Entity Name           ; UniControl                                  ;
; Family                          ; Cyclone V                                   ;
; Logic utilization (in ALMs)     ; N/A                                         ;
; Total registers                 ; 10                                          ;
; Total pins                      ; 22                                          ;
; Total virtual pins              ; 0                                           ;
; Total block memory bits         ; 0                                           ;
; Total DSP Blocks                ; 0                                           ;
; Total HSSI RX PCSs              ; 0                                           ;
; Total HSSI PMA RX Deserializers ; 0                                           ;
; Total HSSI TX PCSs              ; 0                                           ;
; Total HSSI PMA TX Serializers   ; 0                                           ;
; Total PLLs                      ; 0                                           ;
; Total DLLs                      ; 0                                           ;
+---------------------------------+---------------------------------------------+


+---------------------------------------------------------------------------------------------------------------------------+
; Analysis & Synthesis Settings                                                                                             ;
+---------------------------------------------------------------------------------+--------------------+--------------------+
; Option                                                                          ; Setting            ; Default Value      ;
+---------------------------------------------------------------------------------+--------------------+--------------------+
; Device                                                                          ; 5CGXFC7C7F23C8     ;                    ;
; Top-level entity name                                                           ; UniControl         ; UniControl         ;
; Family name                                                                     ; Cyclone V          ; Cyclone V          ;
; Use smart compilation                                                           ; Off                ; Off                ;
; Enable parallel Assembler and TimeQuest Timing Analyzer during compilation      ; On                 ; On                 ;
; Enable compact report table                                                     ; Off                ; Off                ;
; Restructure Multiplexers                                                        ; Auto               ; Auto               ;
; MLAB Add Timing Constraints For Mixed-Port Feed-Through Mode Setting Don't Care ; Off                ; Off                ;
; Create Debugging Nodes for IP Cores                                             ; Off                ; Off                ;
; Preserve fewer node names                                                       ; On                 ; On                 ;
; Disable OpenCore Plus hardware evaluation                                       ; Off                ; Off                ;
; Verilog Version                                                                 ; Verilog_2001       ; Verilog_2001       ;
; VHDL Version                                                                    ; VHDL_1993          ; VHDL_1993          ;
; State Machine Processing                                                        ; Auto               ; Auto               ;
; Safe State Machine                                                              ; Off                ; Off                ;
; Extract Verilog State Machines                                                  ; On                 ; On                 ;
; Extract VHDL State Machines                                                     ; On                 ; On                 ;
; Ignore Verilog initial constructs                                               ; Off                ; Off                ;
; Iteration limit for constant Verilog loops                                      ; 5000               ; 5000               ;
; Iteration limit for non-constant Verilog loops                                  ; 250                ; 250                ;
; Add Pass-Through Logic to Inferred RAMs                                         ; On                 ; On                 ;
; Infer RAMs from Raw Logic                                                       ; On                 ; On                 ;
; Parallel Synthesis                                                              ; On                 ; On                 ;
; DSP Block Balancing                                                             ; Auto               ; Auto               ;
; NOT Gate Push-Back                                                              ; On                 ; On                 ;
; Power-Up Don't Care                                                             ; On                 ; On                 ;
; Remove Redundant Logic Cells                                                    ; Off                ; Off                ;
; Remove Duplicate Registers                                                      ; On                 ; On                 ;
; Ignore CARRY Buffers                                                            ; Off                ; Off                ;
; Ignore CASCADE Buffers                                                          ; Off                ; Off                ;
; Ignore GLOBAL Buffers                                                           ; Off                ; Off                ;
; Ignore ROW GLOBAL Buffers                                                       ; Off                ; Off                ;
; Ignore LCELL Buffers                                                            ; Off                ; Off                ;
; Ignore SOFT Buffers                                                             ; On                 ; On                 ;
; Limit AHDL Integers to 32 Bits                                                  ; Off                ; Off                ;
; Optimization Technique                                                          ; Balanced           ; Balanced           ;
; Carry Chain Length                                                              ; 70                 ; 70                 ;
; Auto Carry Chains                                                               ; On                 ; On                 ;
; Auto Open-Drain Pins                                                            ; On                 ; On                 ;
; Perform WYSIWYG Primitive Resynthesis                                           ; Off                ; Off                ;
; Auto ROM Replacement                                                            ; On                 ; On                 ;
; Auto RAM Replacement                                                            ; On                 ; On                 ;
; Auto DSP Block Replacement                                                      ; On                 ; On                 ;
; Auto Shift Register Replacement                                                 ; Auto               ; Auto               ;
; Allow Shift Register Merging across Hierarchies                                 ; Auto               ; Auto               ;
; Auto Clock Enable Replacement                                                   ; On                 ; On                 ;
; Strict RAM Replacement                                                          ; Off                ; Off                ;
; Allow Synchronous Control Signals                                               ; On                 ; On                 ;
; Force Use of Synchronous Clear Signals                                          ; Off                ; Off                ;
; Auto Resource Sharing                                                           ; Off                ; Off                ;
; Allow Any RAM Size For Recognition                                              ; Off                ; Off                ;
; Allow Any ROM Size For Recognition                                              ; Off                ; Off                ;
; Allow Any Shift Register Size For Recognition                                   ; Off                ; Off                ;
; Use LogicLock Constraints during Resource Balancing                             ; On                 ; On                 ;
; Ignore translate_off and synthesis_off directives                               ; Off                ; Off                ;
; Timing-Driven Synthesis                                                         ; On                 ; On                 ;
; Report Parameter Settings                                                       ; On                 ; On                 ;
; Report Source Assignments                                                       ; On                 ; On                 ;
; Report Connectivity Checks                                                      ; On                 ; On                 ;
; Ignore Maximum Fan-Out Assignments                                              ; Off                ; Off                ;
; Synchronization Register Chain Length                                           ; 3                  ; 3                  ;
; PowerPlay Power Optimization During Synthesis                                   ; Normal compilation ; Normal compilation ;
; HDL message level                                                               ; Level2             ; Level2             ;
; Suppress Register Optimization Related Messages                                 ; Off                ; Off                ;
; Number of Removed Registers Reported in Synthesis Report                        ; 5000               ; 5000               ;
; Number of Swept Nodes Reported in Synthesis Report                              ; 5000               ; 5000               ;
; Number of Inverted Registers Reported in Synthesis Report                       ; 100                ; 100                ;
; Clock MUX Protection                                                            ; On                 ; On                 ;
; Auto Gated Clock Conversion                                                     ; Off                ; Off                ;
; Block Design Naming                                                             ; Auto               ; Auto               ;
; SDC constraint protection                                                       ; Off                ; Off                ;
; Synthesis Effort                                                                ; Auto               ; Auto               ;
; Shift Register Replacement - Allow Asynchronous Clear Signal                    ; On                 ; On                 ;
; Pre-Mapping Resynthesis Optimization                                            ; Off                ; Off                ;
; Analysis & Synthesis Message Level                                              ; Medium             ; Medium             ;
; Disable Register Merging Across Hierarchies                                     ; Auto               ; Auto               ;
; Resource Aware Inference For Block RAM                                          ; On                 ; On                 ;
; Synthesis Seed                                                                  ; 1                  ; 1                  ;
; Automatic Parallel Synthesis                                                    ; On                 ; On                 ;
; Partial Reconfiguration Bitstream ID                                            ; Off                ; Off                ;
+---------------------------------------------------------------------------------+--------------------+--------------------+


Parallel compilation was disabled, but you have multiple processors available. Enable parallel compilation to reduce compilation time.
+-------------------------------------+
; Parallel Compilation                ;
+----------------------------+--------+
; Processors                 ; Number ;
+----------------------------+--------+
; Number detected on machine ; 4      ;
; Maximum allowed            ; 1      ;
+----------------------------+--------+


+--------------------------------------------------------------------------------------------------------------------------------------------------------------------+
; Analysis & Synthesis Source Files Read                                                                                                                             ;
+----------------------------------+-----------------+-----------------+-----------------------------------------------------------------------------------+---------+
; File Name with User-Entered Path ; Used in Netlist ; File Type       ; File Name with Absolute Path                                                      ; Library ;
+----------------------------------+-----------------+-----------------+-----------------------------------------------------------------------------------+---------+
; UniControl.vhd                   ; yes             ; User VHDL File  ; C:/Users/WizIBK inck/Desktop/ArchivreTxT/componenteTste/UniControl/UniControl.vhd ;         ;
+----------------------------------+-----------------+-----------------+-----------------------------------------------------------------------------------+---------+


+--------------------------------------------------------------+
; Analysis & Synthesis Resource Usage Summary                  ;
+---------------------------------------------+----------------+
; Resource                                    ; Usage          ;
+---------------------------------------------+----------------+
; Estimate of Logic utilization (ALMs needed) ; 59             ;
;                                             ;                ;
; Combinational ALUT usage for logic          ; 92             ;
;     -- 7 input functions                    ; 1              ;
;     -- 6 input functions                    ; 24             ;
;     -- 5 input functions                    ; 26             ;
;     -- 4 input functions                    ; 26             ;
;     -- <=3 input functions                  ; 15             ;
;                                             ;                ;
; Dedicated logic registers                   ; 10             ;
;                                             ;                ;
; I/O pins                                    ; 22             ;
;                                             ;                ;
; Total DSP Blocks                            ; 0              ;
;                                             ;                ;
; Maximum fan-out node                        ; state.estadoS0 ;
; Maximum fan-out                             ; 30             ;
; Total fan-out                               ; 498            ;
; Average fan-out                             ; 3.41           ;
+---------------------------------------------+----------------+


+-----------------------------------------------------------------------------------------------------------------------------------------------------------+
; Analysis & Synthesis Resource Utilization by Entity                                                                                                       ;
+----------------------------+-------------------+--------------+-------------------+------------+------+--------------+---------------------+--------------+
; Compilation Hierarchy Node ; LC Combinationals ; LC Registers ; Block Memory Bits ; DSP Blocks ; Pins ; Virtual Pins ; Full Hierarchy Name ; Library Name ;
+----------------------------+-------------------+--------------+-------------------+------------+------+--------------+---------------------+--------------+
; |UniControl                ; 92 (92)           ; 10 (10)      ; 0                 ; 0          ; 22   ; 0            ; |UniControl         ; work         ;
+----------------------------+-------------------+--------------+-------------------+------------+------+--------------+---------------------+--------------+
Note: For table entries with two numbers listed, the numbers in parentheses indicate the number of resources of the given type used by the specific entity alone. The numbers listed outside of parentheses indicate the total resources of the given type used by the specific entity and all of its sub-entities in the hierarchy.


Encoding Type:  One-Hot
+-------------------------------------------------------------------------------------------------------------------------------------------------------------------------------------------------------+
; State Machine - |UniControl|state                                                                                                                                                                     ;
+----------------+----------------+----------------+----------------+----------------+----------------+----------------+----------------+----------------+----------------+----------------+------------+
; Name           ; state.estadoS9 ; state.estadoS8 ; state.estadoS7 ; state.estadoS6 ; state.estadoS5 ; state.estadoS4 ; state.estadoS3 ; state.estadoS2 ; state.estadoS1 ; state.estadoS0 ; state.Free ;
+----------------+----------------+----------------+----------------+----------------+----------------+----------------+----------------+----------------+----------------+----------------+------------+
; state.Free     ; 0              ; 0              ; 0              ; 0              ; 0              ; 0              ; 0              ; 0              ; 0              ; 0              ; 0          ;
; state.estadoS0 ; 0              ; 0              ; 0              ; 0              ; 0              ; 0              ; 0              ; 0              ; 0              ; 1              ; 1          ;
; state.estadoS1 ; 0              ; 0              ; 0              ; 0              ; 0              ; 0              ; 0              ; 0              ; 1              ; 0              ; 1          ;
; state.estadoS2 ; 0              ; 0              ; 0              ; 0              ; 0              ; 0              ; 0              ; 1              ; 0              ; 0              ; 1          ;
; state.estadoS3 ; 0              ; 0              ; 0              ; 0              ; 0              ; 0              ; 1              ; 0              ; 0              ; 0              ; 1          ;
; state.estadoS4 ; 0              ; 0              ; 0              ; 0              ; 0              ; 1              ; 0              ; 0              ; 0              ; 0              ; 1          ;
; state.estadoS5 ; 0              ; 0              ; 0              ; 0              ; 1              ; 0              ; 0              ; 0              ; 0              ; 0              ; 1          ;
; state.estadoS6 ; 0              ; 0              ; 0              ; 1              ; 0              ; 0              ; 0              ; 0              ; 0              ; 0              ; 1          ;
; state.estadoS7 ; 0              ; 0              ; 1              ; 0              ; 0              ; 0              ; 0              ; 0              ; 0              ; 0              ; 1          ;
; state.estadoS8 ; 0              ; 1              ; 0              ; 0              ; 0              ; 0              ; 0              ; 0              ; 0              ; 0              ; 1          ;
; state.estadoS9 ; 1              ; 0              ; 0              ; 0              ; 0              ; 0              ; 0              ; 0              ; 0              ; 0              ; 1          ;
+----------------+----------------+----------------+----------------+----------------+----------------+----------------+----------------+----------------+----------------+----------------+------------+


+----------------------------------------------------------------------------------------------------+
; User-Specified and Inferred Latches                                                                ;
+-----------------------------------------------------+---------------------+------------------------+
; Latch Name                                          ; Latch Enable Signal ; Free of Timing Hazards ;
+-----------------------------------------------------+---------------------+------------------------+
; pc_flag$latch                                       ; Mux38               ; yes                    ;
; pc_flag_1256                                        ; Mux38               ; yes                    ;
; pc_cond$latch                                       ; Mux38               ; yes                    ;
; fonte_PC[0]_676                                     ; Mux38               ; yes                    ;
; ler_men$latch                                       ; Mux38               ; yes                    ;
; ler_men_1172                                        ; Mux38               ; yes                    ;
; esc_men$latch                                       ; Mux38               ; yes                    ;
; esc_men_1134                                        ; Mux38               ; yes                    ;
; memParaReg$latch                                    ; Mux38               ; yes                    ;
; memParaReg_1097                                     ; Mux38               ; yes                    ;
; ULAop[0]$latch                                      ; Mux38               ; yes                    ;
; ULAop[0]_937                                        ; Mux38               ; yes                    ;
; ULAop[1]$latch                                      ; Mux38               ; yes                    ;
; ULAop[1]_978                                        ; Mux38               ; yes                    ;
; ULAop[2]$latch                                      ; Mux38               ; yes                    ;
; ULAop[2]_1016                                       ; Mux38               ; yes                    ;
; ULAop[3]$latch                                      ; Mux38               ; yes                    ;
; ULAop[3]_1056                                       ; Mux38               ; yes                    ;
; esc_reg$latch                                       ; Mux38               ; yes                    ;
; esc_reg_896                                         ; Mux38               ; yes                    ;
; ula_fonteA$latch                                    ; Mux38               ; yes                    ;
; ula_fonteA_853                                      ; Mux38               ; yes                    ;
; ula_fonteB[0]$latch                                 ; Mux38               ; yes                    ;
; ula_fonteB[0]_760                                   ; Mux38               ; yes                    ;
; ula_fonteB[1]$latch                                 ; Mux38               ; yes                    ;
; ula_fonteB[1]_807                                   ; Mux38               ; yes                    ;
; fonte_PC[1]$latch                                   ; Mux38               ; yes                    ;
; fonte_PC[1]_713                                     ; Mux38               ; yes                    ;
; recv_opcode[3]                                      ; recv_opcode[0]      ; yes                    ;
; recv_opcode[2]                                      ; recv_opcode[0]      ; yes                    ;
; recv_opcode[1]                                      ; recv_opcode[0]      ; yes                    ;
; recv_opcode[0]                                      ; recv_opcode[0]      ; yes                    ;
; Number of user-specified and inferred latches = 32  ;                     ;                        ;
+-----------------------------------------------------+---------------------+------------------------+
Note: All latches listed above may not be present at the end of synthesis due to various synthesis optimizations.


+------------------------------------------------------------+
; Registers Removed During Synthesis                         ;
+---------------------------------------+--------------------+
; Register name                         ; Reason for Removal ;
+---------------------------------------+--------------------+
; state.Free                            ; Lost fanout        ;
; Total Number of Removed Registers = 1 ;                    ;
+---------------------------------------+--------------------+


+------------------------------------------------------+
; General Register Statistics                          ;
+----------------------------------------------+-------+
; Statistic                                    ; Value ;
+----------------------------------------------+-------+
; Total registers                              ; 10    ;
; Number of registers using Synchronous Clear  ; 1     ;
; Number of registers using Synchronous Load   ; 0     ;
; Number of registers using Asynchronous Clear ; 0     ;
; Number of registers using Asynchronous Load  ; 0     ;
; Number of registers using Clock Enable       ; 0     ;
; Number of registers using Preset             ; 0     ;
+----------------------------------------------+-------+


+-----------------------------------------------------+
; Post-Synthesis Netlist Statistics for Top Partition ;
+-----------------------+-----------------------------+
; Type                  ; Count                       ;
+-----------------------+-----------------------------+
; arriav_ff             ; 10                          ;
;     SCLR              ; 1                           ;
;     plain             ; 9                           ;
; arriav_io_obuf        ; 15                          ;
; arriav_lcell_comb     ; 92                          ;
;     extend            ; 1                           ;
;         7 data inputs ; 1                           ;
;     normal            ; 91                          ;
;         2 data inputs ; 5                           ;
;         3 data inputs ; 10                          ;
;         4 data inputs ; 26                          ;
;         5 data inputs ; 26                          ;
;         6 data inputs ; 24                          ;
; boundary_port         ; 22                          ;
;                       ;                             ;
; Max LUT depth         ; 4.00                        ;
; Average LUT depth     ; 2.85                        ;
+-----------------------+-----------------------------+


+-------------------------------+
; Elapsed Time Per Partition    ;
+----------------+--------------+
; Partition Name ; Elapsed Time ;
+----------------+--------------+
; Top            ; 00:00:03     ;
+----------------+--------------+


+-------------------------------+
; Analysis & Synthesis Messages ;
+-------------------------------+
Info: *******************************************************************
Info: Running Quartus Prime Analysis & Synthesis
    Info: Version 15.1.0 Build 185 10/21/2015 SJ Lite Edition
    Info: Processing started: Fri Jan 19 14:43:28 2018
Info: Command: quartus_map --read_settings_files=on --write_settings_files=off UniControl -c UniControl
Warning (20028): Parallel compilation is not licensed and has been disabled
Info (12021): Found 2 design units, including 1 entities, in source file unicontrol.vhd
    Info (12022): Found design unit 1: UniControl-behavior File: C:/Users/WizIBK inck/Desktop/ArchivreTxT/componenteTste/UniControl/UniControl.vhd Line: 26
    Info (12023): Found entity 1: UniControl File: C:/Users/WizIBK inck/Desktop/ArchivreTxT/componenteTste/UniControl/UniControl.vhd Line: 6
Info (12127): Elaborating entity "UniControl" for the top level hierarchy
Warning (10631): VHDL Process Statement warning at UniControl.vhd(44): inferring latch(es) for signal or variable "pc_flag", which holds its previous value in one or more paths through the process File: C:/Users/WizIBK inck/Desktop/ArchivreTxT/componenteTste/UniControl/UniControl.vhd Line: 44
Warning (10631): VHDL Process Statement warning at UniControl.vhd(44): inferring latch(es) for signal or variable "pc_cond", which holds its previous value in one or more paths through the process File: C:/Users/WizIBK inck/Desktop/ArchivreTxT/componenteTste/UniControl/UniControl.vhd Line: 44
Warning (10631): VHDL Process Statement warning at UniControl.vhd(44): inferring latch(es) for signal or variable "ler_men", which holds its previous value in one or more paths through the process File: C:/Users/WizIBK inck/Desktop/ArchivreTxT/componenteTste/UniControl/UniControl.vhd Line: 44
Warning (10631): VHDL Process Statement warning at UniControl.vhd(44): inferring latch(es) for signal or variable "esc_men", which holds its previous value in one or more paths through the process File: C:/Users/WizIBK inck/Desktop/ArchivreTxT/componenteTste/UniControl/UniControl.vhd Line: 44
Warning (10631): VHDL Process Statement warning at UniControl.vhd(44): inferring latch(es) for signal or variable "memParaReg", which holds its previous value in one or more paths through the process File: C:/Users/WizIBK inck/Desktop/ArchivreTxT/componenteTste/UniControl/UniControl.vhd Line: 44
Warning (10631): VHDL Process Statement warning at UniControl.vhd(44): inferring latch(es) for signal or variable "ULAop", which holds its previous value in one or more paths through the process File: C:/Users/WizIBK inck/Desktop/ArchivreTxT/componenteTste/UniControl/UniControl.vhd Line: 44
Warning (10631): VHDL Process Statement warning at UniControl.vhd(44): inferring latch(es) for signal or variable "esc_reg", which holds its previous value in one or more paths through the process File: C:/Users/WizIBK inck/Desktop/ArchivreTxT/componenteTste/UniControl/UniControl.vhd Line: 44
Warning (10631): VHDL Process Statement warning at UniControl.vhd(44): inferring latch(es) for signal or variable "ula_fonteA", which holds its previous value in one or more paths through the process File: C:/Users/WizIBK inck/Desktop/ArchivreTxT/componenteTste/UniControl/UniControl.vhd Line: 44
Warning (10631): VHDL Process Statement warning at UniControl.vhd(44): inferring latch(es) for signal or variable "ula_fonteB", which holds its previous value in one or more paths through the process File: C:/Users/WizIBK inck/Desktop/ArchivreTxT/componenteTste/UniControl/UniControl.vhd Line: 44
Warning (10631): VHDL Process Statement warning at UniControl.vhd(44): inferring latch(es) for signal or variable "fonte_PC", which holds its previous value in one or more paths through the process File: C:/Users/WizIBK inck/Desktop/ArchivreTxT/componenteTste/UniControl/UniControl.vhd Line: 44
Warning (10631): VHDL Process Statement warning at UniControl.vhd(44): inferring latch(es) for signal or variable "recv_opcode", which holds its previous value in one or more paths through the process File: C:/Users/WizIBK inck/Desktop/ArchivreTxT/componenteTste/UniControl/UniControl.vhd Line: 44
Info (10041): Inferred latch for "fonte_PC[0]" at UniControl.vhd(44) File: C:/Users/WizIBK inck/Desktop/ArchivreTxT/componenteTste/UniControl/UniControl.vhd Line: 44
Info (10041): Inferred latch for "fonte_PC[1]" at UniControl.vhd(44) File: C:/Users/WizIBK inck/Desktop/ArchivreTxT/componenteTste/UniControl/UniControl.vhd Line: 44
Info (10041): Inferred latch for "ula_fonteB[0]" at UniControl.vhd(44) File: C:/Users/WizIBK inck/Desktop/ArchivreTxT/componenteTste/UniControl/UniControl.vhd Line: 44
Info (10041): Inferred latch for "ula_fonteB[1]" at UniControl.vhd(44) File: C:/Users/WizIBK inck/Desktop/ArchivreTxT/componenteTste/UniControl/UniControl.vhd Line: 44
Info (10041): Inferred latch for "ula_fonteA" at UniControl.vhd(44) File: C:/Users/WizIBK inck/Desktop/ArchivreTxT/componenteTste/UniControl/UniControl.vhd Line: 44
Info (10041): Inferred latch for "esc_reg" at UniControl.vhd(44) File: C:/Users/WizIBK inck/Desktop/ArchivreTxT/componenteTste/UniControl/UniControl.vhd Line: 44
Info (10041): Inferred latch for "ULAop[0]" at UniControl.vhd(44) File: C:/Users/WizIBK inck/Desktop/ArchivreTxT/componenteTste/UniControl/UniControl.vhd Line: 44
Info (10041): Inferred latch for "ULAop[1]" at UniControl.vhd(44) File: C:/Users/WizIBK inck/Desktop/ArchivreTxT/componenteTste/UniControl/UniControl.vhd Line: 44
Info (10041): Inferred latch for "ULAop[2]" at UniControl.vhd(44) File: C:/Users/WizIBK inck/Desktop/ArchivreTxT/componenteTste/UniControl/UniControl.vhd Line: 44
Info (10041): Inferred latch for "ULAop[3]" at UniControl.vhd(44) File: C:/Users/WizIBK inck/Desktop/ArchivreTxT/componenteTste/UniControl/UniControl.vhd Line: 44
Info (10041): Inferred latch for "memParaReg" at UniControl.vhd(44) File: C:/Users/WizIBK inck/Desktop/ArchivreTxT/componenteTste/UniControl/UniControl.vhd Line: 44
Info (10041): Inferred latch for "esc_men" at UniControl.vhd(44) File: C:/Users/WizIBK inck/Desktop/ArchivreTxT/componenteTste/UniControl/UniControl.vhd Line: 44
Info (10041): Inferred latch for "ler_men" at UniControl.vhd(44) File: C:/Users/WizIBK inck/Desktop/ArchivreTxT/componenteTste/UniControl/UniControl.vhd Line: 44
Info (10041): Inferred latch for "pc_cond" at UniControl.vhd(44) File: C:/Users/WizIBK inck/Desktop/ArchivreTxT/componenteTste/UniControl/UniControl.vhd Line: 44
Info (10041): Inferred latch for "pc_flag" at UniControl.vhd(44) File: C:/Users/WizIBK inck/Desktop/ArchivreTxT/componenteTste/UniControl/UniControl.vhd Line: 44
Info (10041): Inferred latch for "recv_opcode[0]" at UniControl.vhd(48) File: C:/Users/WizIBK inck/Desktop/ArchivreTxT/componenteTste/UniControl/UniControl.vhd Line: 48
Info (10041): Inferred latch for "recv_opcode[1]" at UniControl.vhd(48) File: C:/Users/WizIBK inck/Desktop/ArchivreTxT/componenteTste/UniControl/UniControl.vhd Line: 48
Info (10041): Inferred latch for "recv_opcode[2]" at UniControl.vhd(48) File: C:/Users/WizIBK inck/Desktop/ArchivreTxT/componenteTste/UniControl/UniControl.vhd Line: 48
Info (10041): Inferred latch for "recv_opcode[3]" at UniControl.vhd(48) File: C:/Users/WizIBK inck/Desktop/ArchivreTxT/componenteTste/UniControl/UniControl.vhd Line: 48
Info (13025): Duplicate LATCH primitives merged into single LATCH primitive
    Info (13026): Duplicate LATCH primitive "ula_fonteB[1]_807" merged with LATCH primitive "pc_flag_1256" File: C:/Users/WizIBK inck/Desktop/ArchivreTxT/componenteTste/UniControl/UniControl.vhd Line: 44
    Info (13026): Duplicate LATCH primitive "ula_fonteB[0]_760" merged with LATCH primitive "pc_flag_1256" File: C:/Users/WizIBK inck/Desktop/ArchivreTxT/componenteTste/UniControl/UniControl.vhd Line: 44
    Info (13026): Duplicate LATCH primitive "fonte_PC[1]_713" merged with LATCH primitive "pc_flag_1256" File: C:/Users/WizIBK inck/Desktop/ArchivreTxT/componenteTste/UniControl/UniControl.vhd Line: 44
    Info (13026): Duplicate LATCH primitive "fonte_PC[0]_676" merged with LATCH primitive "pc_flag_1256" File: C:/Users/WizIBK inck/Desktop/ArchivreTxT/componenteTste/UniControl/UniControl.vhd Line: 44
    Info (13026): Duplicate LATCH primitive "esc_reg_896" merged with LATCH primitive "pc_flag_1256" File: C:/Users/WizIBK inck/Desktop/ArchivreTxT/componenteTste/UniControl/UniControl.vhd Line: 44
    Info (13026): Duplicate LATCH primitive "ULAop[0]_937" merged with LATCH primitive "pc_flag_1256" File: C:/Users/WizIBK inck/Desktop/ArchivreTxT/componenteTste/UniControl/UniControl.vhd Line: 44
    Info (13026): Duplicate LATCH primitive "ULAop[1]_978" merged with LATCH primitive "pc_flag_1256" File: C:/Users/WizIBK inck/Desktop/ArchivreTxT/componenteTste/UniControl/UniControl.vhd Line: 44
    Info (13026): Duplicate LATCH primitive "ULAop[2]_1016" merged with LATCH primitive "pc_flag_1256" File: C:/Users/WizIBK inck/Desktop/ArchivreTxT/componenteTste/UniControl/UniControl.vhd Line: 44
    Info (13026): Duplicate LATCH primitive "ULAop[3]_1056" merged with LATCH primitive "pc_flag_1256" File: C:/Users/WizIBK inck/Desktop/ArchivreTxT/componenteTste/UniControl/UniControl.vhd Line: 44
    Info (13026): Duplicate LATCH primitive "memParaReg_1097" merged with LATCH primitive "pc_flag_1256" File: C:/Users/WizIBK inck/Desktop/ArchivreTxT/componenteTste/UniControl/UniControl.vhd Line: 44
    Info (13026): Duplicate LATCH primitive "esc_men_1134" merged with LATCH primitive "pc_flag_1256" File: C:/Users/WizIBK inck/Desktop/ArchivreTxT/componenteTste/UniControl/UniControl.vhd Line: 44
    Info (13026): Duplicate LATCH primitive "ler_men_1172" merged with LATCH primitive "pc_flag_1256" File: C:/Users/WizIBK inck/Desktop/ArchivreTxT/componenteTste/UniControl/UniControl.vhd Line: 44
    Info (13026): Duplicate LATCH primitive "ula_fonteA_853" merged with LATCH primitive "pc_flag_1256" File: C:/Users/WizIBK inck/Desktop/ArchivreTxT/componenteTste/UniControl/UniControl.vhd Line: 44
Warning (13012): Latch pc_flag$latch has unsafe behavior File: C:/Users/WizIBK inck/Desktop/ArchivreTxT/componenteTste/UniControl/UniControl.vhd Line: 44
    Warning (13013): Ports D and ENA on the latch are fed by the same signal state.estadoS6 File: C:/Users/WizIBK inck/Desktop/ArchivreTxT/componenteTste/UniControl/UniControl.vhd Line: 32
Warning (13012): Latch pc_flag_1256 has unsafe behavior File: C:/Users/WizIBK inck/Desktop/ArchivreTxT/componenteTste/UniControl/UniControl.vhd Line: 44
    Warning (13013): Ports D and ENA on the latch are fed by the same signal recv_opcode[0] File: C:/Users/WizIBK inck/Desktop/ArchivreTxT/componenteTste/UniControl/UniControl.vhd Line: 48
Warning (13012): Latch pc_cond$latch has unsafe behavior File: C:/Users/WizIBK inck/Desktop/ArchivreTxT/componenteTste/UniControl/UniControl.vhd Line: 44
    Warning (13013): Ports D and ENA on the latch are fed by the same signal state.estadoS8 File: C:/Users/WizIBK inck/Desktop/ArchivreTxT/componenteTste/UniControl/UniControl.vhd Line: 32
Warning (13012): Latch ler_men$latch has unsafe behavior File: C:/Users/WizIBK inck/Desktop/ArchivreTxT/componenteTste/UniControl/UniControl.vhd Line: 44
    Warning (13013): Ports D and ENA on the latch are fed by the same signal recv_opcode[3] File: C:/Users/WizIBK inck/Desktop/ArchivreTxT/componenteTste/UniControl/UniControl.vhd Line: 48
Warning (13012): Latch esc_men$latch has unsafe behavior File: C:/Users/WizIBK inck/Desktop/ArchivreTxT/componenteTste/UniControl/UniControl.vhd Line: 44
    Warning (13013): Ports D and ENA on the latch are fed by the same signal state.estadoS5 File: C:/Users/WizIBK inck/Desktop/ArchivreTxT/componenteTste/UniControl/UniControl.vhd Line: 32
Warning (13012): Latch memParaReg$latch has unsafe behavior File: C:/Users/WizIBK inck/Desktop/ArchivreTxT/componenteTste/UniControl/UniControl.vhd Line: 44
    Warning (13013): Ports D and ENA on the latch are fed by the same signal state.estadoS7 File: C:/Users/WizIBK inck/Desktop/ArchivreTxT/componenteTste/UniControl/UniControl.vhd Line: 32
Warning (13012): Latch ULAop[0]$latch has unsafe behavior File: C:/Users/WizIBK inck/Desktop/ArchivreTxT/componenteTste/UniControl/UniControl.vhd Line: 44
    Warning (13013): Ports D and ENA on the latch are fed by the same signal state.estadoS6 File: C:/Users/WizIBK inck/Desktop/ArchivreTxT/componenteTste/UniControl/UniControl.vhd Line: 32
Warning (13012): Latch ULAop[1]$latch has unsafe behavior File: C:/Users/WizIBK inck/Desktop/ArchivreTxT/componenteTste/UniControl/UniControl.vhd Line: 44
    Warning (13013): Ports D and ENA on the latch are fed by the same signal recv_opcode[3] File: C:/Users/WizIBK inck/Desktop/ArchivreTxT/componenteTste/UniControl/UniControl.vhd Line: 48
Warning (13012): Latch ULAop[2]$latch has unsafe behavior File: C:/Users/WizIBK inck/Desktop/ArchivreTxT/componenteTste/UniControl/UniControl.vhd Line: 44
    Warning (13013): Ports D and ENA on the latch are fed by the same signal recv_opcode[3] File: C:/Users/WizIBK inck/Desktop/ArchivreTxT/componenteTste/UniControl/UniControl.vhd Line: 48
Warning (13012): Latch ULAop[3]$latch has unsafe behavior File: C:/Users/WizIBK inck/Desktop/ArchivreTxT/componenteTste/UniControl/UniControl.vhd Line: 44
    Warning (13013): Ports D and ENA on the latch are fed by the same signal recv_opcode[3] File: C:/Users/WizIBK inck/Desktop/ArchivreTxT/componenteTste/UniControl/UniControl.vhd Line: 48
Warning (13012): Latch esc_reg$latch has unsafe behavior File: C:/Users/WizIBK inck/Desktop/ArchivreTxT/componenteTste/UniControl/UniControl.vhd Line: 44
    Warning (13013): Ports D and ENA on the latch are fed by the same signal state.estadoS7 File: C:/Users/WizIBK inck/Desktop/ArchivreTxT/componenteTste/UniControl/UniControl.vhd Line: 32
Warning (13012): Latch ula_fonteA$latch has unsafe behavior File: C:/Users/WizIBK inck/Desktop/ArchivreTxT/componenteTste/UniControl/UniControl.vhd Line: 44
    Warning (13013): Ports D and ENA on the latch are fed by the same signal state.estadoS6 File: C:/Users/WizIBK inck/Desktop/ArchivreTxT/componenteTste/UniControl/UniControl.vhd Line: 32
Warning (13012): Latch ula_fonteB[0]$latch has unsafe behavior File: C:/Users/WizIBK inck/Desktop/ArchivreTxT/componenteTste/UniControl/UniControl.vhd Line: 44
    Warning (13013): Ports D and ENA on the latch are fed by the same signal state.estadoS1 File: C:/Users/WizIBK inck/Desktop/ArchivreTxT/componenteTste/UniControl/UniControl.vhd Line: 32
Warning (13012): Latch ula_fonteB[1]$latch has unsafe behavior File: C:/Users/WizIBK inck/Desktop/ArchivreTxT/componenteTste/UniControl/UniControl.vhd Line: 44
    Warning (13013): Ports D and ENA on the latch are fed by the same signal state.estadoS1 File: C:/Users/WizIBK inck/Desktop/ArchivreTxT/componenteTste/UniControl/UniControl.vhd Line: 32
Warning (13012): Latch fonte_PC[1]$latch has unsafe behavior File: C:/Users/WizIBK inck/Desktop/ArchivreTxT/componenteTste/UniControl/UniControl.vhd Line: 44
    Warning (13013): Ports D and ENA on the latch are fed by the same signal state.estadoS9 File: C:/Users/WizIBK inck/Desktop/ArchivreTxT/componenteTste/UniControl/UniControl.vhd Line: 32
Info (286030): Timing-Driven Synthesis is running
Info (17049): 1 registers lost all their fanouts during netlist optimizations.
Info (16010): Generating hard_block partition "hard_block:auto_generated_inst"
    Info (16011): Adding 0 node(s), including 0 DDIO, 0 PLL, 0 transceiver and 0 LCELL
Warning (21074): Design contains 1 input pin(s) that do not drive logic
    Warning (15610): No output dependent on input pin "reset" File: C:/Users/WizIBK inck/Desktop/ArchivreTxT/componenteTste/UniControl/UniControl.vhd Line: 10
Info (21057): Implemented 114 device resources after synthesis - the final resource count might be different
    Info (21058): Implemented 7 input pins
    Info (21059): Implemented 15 output pins
    Info (21061): Implemented 92 logic cells
Info: Quartus Prime Analysis & Synthesis was successful. 0 errors, 44 warnings
    Info: Peak virtual memory: 951 megabytes
    Info: Processing ended: Fri Jan 19 14:44:15 2018
    Info: Elapsed time: 00:00:47
    Info: Total CPU time (on all processors): 00:01:01


